SF:lib\models\password.dart
DA:8,1
DA:16,1
DA:17,1
DA:18,1
DA:19,1
DA:20,1
DA:21,2
DA:22,2
DA:26,1
DA:27,1
DA:28,1
DA:29,1
DA:30,1
DA:31,2
DA:32,3
LF:15
LH:15
end_of_record
SF:lib\providers\theme_provider.dart
DA:6,0
DA:8,3
DA:10,1
DA:11,2
DA:12,1
LF:5
LH:4
end_of_record
SF:lib\services\encryption_service.dart
DA:7,1
DA:8,3
DA:9,2
DA:10,1
DA:13,1
DA:14,3
DA:15,2
LF:7
LH:7
end_of_record
SF:lib\views\login.dart
DA:8,1
DA:10,1
DA:11,1
DA:19,1
DA:20,2
DA:21,1
DA:23,2
DA:24,1
DA:25,3
DA:26,3
DA:29,2
DA:30,1
DA:34,2
DA:36,0
DA:42,1
DA:44,1
DA:45,1
DA:46,1
DA:47,1
DA:49,1
DA:50,1
DA:51,1
DA:52,2
DA:57,1
DA:58,1
DA:60,1
DA:61,1
DA:63,1
DA:64,1
DA:69,1
DA:70,1
DA:71,1
DA:72,1
DA:74,1
DA:75,1
DA:76,1
DA:81,1
DA:82,1
DA:83,1
DA:84,1
DA:86,1
DA:87,1
DA:88,1
DA:94,1
DA:95,1
DA:96,1
DA:100,1
DA:101,1
DA:107,1
DA:108,1
DA:109,1
DA:111,2
DA:114,1
DA:120,1
DA:121,0
DA:122,0
DA:124,0
DA:127,1
LF:58
LH:54
end_of_record
SF:lib\services\firebase_auth_service.dart
DA:10,0
DA:11,0
DA:14,0
DA:16,0
DA:18,0
DA:23,0
DA:24,0
DA:25,0
DA:27,0
DA:30,0
DA:31,0
DA:36,0
DA:38,0
DA:43,0
DA:45,0
DA:46,0
DA:49,0
DA:51,0
DA:54,0
DA:55,0
DA:60,0
DA:62,0
DA:63,0
DA:64,0
DA:66,0
DA:70,0
DA:72,0
DA:73,0
DA:74,0
DA:75,0
DA:76,0
DA:80,0
DA:81,0
DA:82,0
LF:34
LH:0
end_of_record
SF:lib\views\forgot_password_page.dart
DA:6,2
DA:8,0
DA:9,0
DA:17,0
DA:18,0
DA:19,0
DA:25,0
DA:26,0
DA:31,0
DA:32,0
DA:33,0
DA:36,0
DA:38,0
DA:39,0
DA:42,0
DA:43,0
DA:48,0
DA:50,0
DA:51,0
DA:52,0
DA:53,0
DA:55,0
DA:56,0
DA:57,0
DA:58,0
DA:63,0
DA:64,0
DA:66,0
DA:67,0
DA:69,0
DA:70,0
DA:84,0
DA:85,0
DA:86,0
DA:87,0
DA:89,0
DA:90,0
DA:94,0
DA:95,0
DA:96,0
DA:100,0
DA:101,0
DA:107,0
DA:108,0
DA:109,0
DA:111,0
LF:46
LH:1
end_of_record
SF:lib\models\usuario.dart
DA:4,0
DA:8,0
DA:9,0
DA:10,0
DA:14,0
DA:15,0
DA:16,0
LF:7
LH:0
end_of_record
SF:lib\views\registro.dart
DA:6,3
DA:8,2
DA:9,2
DA:16,1
DA:17,2
DA:18,1
DA:19,3
DA:20,3
DA:24,3
DA:27,2
DA:29,0
DA:35,2
DA:37,2
DA:38,2
DA:39,2
DA:40,2
DA:41,4
DA:46,2
DA:47,2
DA:49,2
DA:50,2
DA:52,2
DA:53,2
DA:58,2
DA:59,2
DA:60,2
DA:61,2
DA:63,2
DA:64,2
DA:65,2
DA:70,2
DA:71,2
DA:72,2
DA:73,2
DA:75,2
DA:76,2
DA:77,2
DA:83,2
DA:84,2
DA:85,2
DA:89,2
DA:90,2
DA:96,2
DA:97,1
DA:98,1
DA:100,2
LF:46
LH:45
end_of_record
